#
# There is insufficient memory for the Java Runtime Environment to continue.
# Native memory allocation (malloc) failed to allocate 1123536 bytes for Chunk::new
# Possible reasons:
#   The system is out of physical RAM or swap space
#   In 32 bit mode, the process size limit was hit
# Possible solutions:
#   Reduce memory load on the system
#   Increase physical memory or swap space
#   Check if swap backing store is full
#   Use 64 bit Java on a 64 bit OS
#   Decrease Java heap size (-Xmx/-Xms)
#   Decrease number of Java threads
#   Decrease Java thread stack sizes (-Xss)
#   Set larger code cache with -XX:ReservedCodeCacheSize=
# This output file may be truncated or incomplete.
#
#  Out of Memory Error (allocation.cpp:390), pid=21876, tid=0x0000000000005cec
#
# JRE version: Java(TM) SE Runtime Environment (8.0_111-b14) (build 1.8.0_111-b14)
# Java VM: Java HotSpot(TM) 64-Bit Server VM (25.111-b14 mixed mode windows-amd64 compressed oops)
# Failed to write core dump. Minidumps are not enabled by default on client versions of Windows
#

---------------  T H R E A D  ---------------

Current thread (0x000000001eac1000):  JavaThread "C2 CompilerThread4" daemon [_thread_in_native, id=23788, stack(0x0000000020ab0000,0x0000000020bb0000)]

Stack: [0x0000000020ab0000,0x0000000020bb0000]
[error occurred during error reporting (printing stack bounds), id 0xc0000005]

Native frames: (J=compiled Java code, j=interpreted, Vv=VM code, C=native code)


Current CompileTask:
C2:   3017 2478       4       java.net.URLClassLoader$1::run (5 bytes)


---------------  P R O C E S S  ---------------

Java Threads: ( => current thread )
  0x000000001eb74800 JavaThread "Service Thread" daemon [_thread_blocked, id=8636, stack(0x00000000213b0000,0x00000000214b0000)]
  0x000000001eb03800 JavaThread "C1 CompilerThread11" daemon [_thread_blocked, id=23428, stack(0x00000000211b0000,0x00000000212b0000)]
  0x000000001eaf7800 JavaThread "C1 CompilerThread10" daemon [_thread_blocked, id=9060, stack(0x00000000210b0000,0x00000000211b0000)]
  0x000000001ead4800 JavaThread "C1 CompilerThread9" daemon [_thread_blocked, id=24520, stack(0x0000000020fb0000,0x00000000210b0000)]
  0x000000001ead4000 JavaThread "C1 CompilerThread8" daemon [_thread_blocked, id=8648, stack(0x0000000020eb0000,0x0000000020fb0000)]
  0x000000001eac9000 JavaThread "C2 CompilerThread7" daemon [_thread_blocked, id=21672, stack(0x0000000020db0000,0x0000000020eb0000)]
  0x000000001eac7800 JavaThread "C2 CompilerThread6" daemon [_thread_blocked, id=13620, stack(0x0000000020cb0000,0x0000000020db0000)]
  0x000000001eac5000 JavaThread "C2 CompilerThread5" daemon [_thread_blocked, id=10956, stack(0x0000000020bb0000,0x0000000020cb0000)]
=>0x000000001eac1000 JavaThread "C2 CompilerThread4" daemon [_thread_in_native, id=23788, stack(0x0000000020ab0000,0x0000000020bb0000)]
  0x000000001eac0800 JavaThread "C2 CompilerThread3" daemon [_thread_blocked, id=3796, stack(0x00000000209b0000,0x0000000020ab0000)]
  0x000000001eabd800 JavaThread "C2 CompilerThread2" daemon [_thread_blocked, id=24384, stack(0x00000000208b0000,0x00000000209b0000)]
  0x000000001eab9000 JavaThread "C2 CompilerThread1" daemon [_thread_blocked, id=17448, stack(0x00000000207b0000,0x00000000208b0000)]
  0x000000001eab6800 JavaThread "C2 CompilerThread0" daemon [_thread_in_native, id=3736, stack(0x00000000206b0000,0x00000000207b0000)]
  0x000000001eab4000 JavaThread "Attach Listener" daemon [_thread_blocked, id=17264, stack(0x00000000205b0000,0x00000000206b0000)]
  0x000000001eab1800 JavaThread "Signal Dispatcher" daemon [_thread_blocked, id=11420, stack(0x00000000204b0000,0x00000000205b0000)]
  0x000000001ea56800 JavaThread "Finalizer" daemon [_thread_blocked, id=12492, stack(0x00000000202b0000,0x00000000203b0000)]
  0x000000001cfee000 JavaThread "Reference Handler" daemon [_thread_blocked, id=24440, stack(0x00000000201b0000,0x00000000202b0000)]
  0x0000000002ffd800 JavaThread "main" [_thread_in_native, id=5780, stack(0x0000000002e70000,0x0000000002f70000)]

Other Threads:
  0x000000001ea35000 VMThread [stack: 0x00000000200b0000,0x00000000201b0000] [id=13560]
  0x000000001ec26800 WatcherThread [stack: 0x00000000214b0000,0x00000000215b0000] [id=17648]

VM state:not at safepoint (normal execution)

VM Mutex/Monitor currently owned by a thread: None

Heap:
 PSYoungGen      total 75776K, used 69413K [0x000000076b580000, 0x0000000770a00000, 0x00000007c0000000)
  eden space 65024K, 91% used [0x000000076b580000,0x000000076ef99a18,0x000000076f500000)
  from space 10752K, 92% used [0x000000076f500000,0x000000076feafc80,0x000000076ff80000)
  to   space 10752K, 0% used [0x000000076ff80000,0x000000076ff80000,0x0000000770a00000)
 ParOldGen       total 173568K, used 16K [0x00000006c2000000, 0x00000006cc980000, 0x000000076b580000)
  object space 173568K, 0% used [0x00000006c2000000,0x00000006c2004000,0x00000006cc980000)
 Metaspace       used 20121K, capacity 20368K, committed 20608K, reserved 1067008K
  class space    used 2452K, capacity 2568K, committed 2688K, reserved 1048576K

Card table byte_map: [0x00000000124c0000,0x0000000012cc0000] byte_map_base: 0x000000000eeb0000

Marking Bits: (ParMarkBitMap*) 0x0000000061b8a6c0
 Begin Bits: [0x0000000013f10000, 0x0000000017e90000)
 End Bits:   [0x0000000017e90000, 0x000000001be10000)

Polling page: 0x00000000010d0000

CodeCache: size=245760Kb used=9773Kb max_used=9773Kb free=235986Kb
 bounds [0x0000000003100000, 0x0000000003aa0000, 0x0000000012100000]
 total_blobs=2898 nmethods=2477 adapters=330
 compilation: enabled

Compilation events (10 events):
Event: 2.936 Thread 0x000000001eabd800 2474       4       java.lang.String::compareTo (9 bytes)
Event: 2.936 Thread 0x000000001eabd800 nmethod 2474 0x0000000003a8a0d0 code [0x0000000003a8a220, 0x0000000003a8a3d8]
Event: 2.937 Thread 0x000000001eb03800 2475       3       java.util.regex.Pattern::closure (477 bytes)
Event: 2.937 Thread 0x000000001ead4800 2476       3       java.util.regex.Pattern$CharProperty::<init> (5 bytes)
Event: 2.937 Thread 0x000000001eaf7800 2477       3       java.util.regex.Pattern$CharProperty::<init> (5 bytes)
Event: 2.937 Thread 0x000000001ead4800 nmethod 2476 0x0000000003a89b90 code [0x0000000003a89d00, 0x0000000003a89f90]
Event: 2.937 Thread 0x000000001eaf7800 nmethod 2477 0x0000000003a89710 code [0x0000000003a89880, 0x0000000003a89ab0]
Event: 2.939 Thread 0x000000001eb03800 nmethod 2475 0x0000000003a8a490 code [0x0000000003a8aae0, 0x0000000003a8e9c8]
Event: 2.940 Thread 0x000000001eac1000 2478       4       java.net.URLClassLoader$1::run (5 bytes)
Event: 2.940 Thread 0x000000001eab6800 2479   !   4       java.net.URLClassLoader$1::run (63 bytes)

GC Heap History (2 events):
Event: 1.612 GC heap before
{Heap before GC invocations=1 (full 0):
 PSYoungGen      total 75776K, used 65024K [0x000000076b580000, 0x0000000770a00000, 0x00000007c0000000)
  eden space 65024K, 100% used [0x000000076b580000,0x000000076f500000,0x000000076f500000)
  from space 10752K, 0% used [0x000000076ff80000,0x000000076ff80000,0x0000000770a00000)
  to   space 10752K, 0% used [0x000000076f500000,0x000000076f500000,0x000000076ff80000)
 ParOldGen       total 173568K, used 0K [0x00000006c2000000, 0x00000006cc980000, 0x000000076b580000)
  object space 173568K, 0% used [0x00000006c2000000,0x00000006c2000000,0x00000006cc980000)
 Metaspace       used 11113K, capacity 11300K, committed 11520K, reserved 1058816K
  class space    used 1361K, capacity 1444K, committed 1536K, reserved 1048576K
Event: 1.618 GC heap after
Heap after GC invocations=1 (full 0):
 PSYoungGen      total 75776K, used 9919K [0x000000076b580000, 0x0000000770a00000, 0x00000007c0000000)
  eden space 65024K, 0% used [0x000000076b580000,0x000000076b580000,0x000000076f500000)
  from space 10752K, 92% used [0x000000076f500000,0x000000076feafc80,0x000000076ff80000)
  to   space 10752K, 0% used [0x000000076ff80000,0x000000076ff80000,0x0000000770a00000)
 ParOldGen       total 173568K, used 16K [0x00000006c2000000, 0x00000006cc980000, 0x000000076b580000)
  object space 173568K, 0% used [0x00000006c2000000,0x00000006c2004000,0x00000006cc980000)
 Metaspace       used 11113K, capacity 11300K, committed 11520K, reserved 1058816K
  class space    used 1361K, capacity 1444K, committed 1536K, reserved 1048576K
}

Deoptimization events (10 events):
Event: 2.185 Thread 0x0000000002ffd800 Uncommon trap: reason=unstable_if action=reinterpret pc=0x00000000038b58c4 method=java.lang.Integer.parseInt(Ljava/lang/String;I)I @ 1
Event: 2.228 Thread 0x0000000002ffd800 Uncommon trap: reason=unstable_if action=reinterpret pc=0x00000000038b005c method=java.lang.CharacterDataLatin1.digit(II)I @ 82
Event: 2.384 Thread 0x0000000002ffd800 Uncommon trap: reason=unstable_if action=reinterpret pc=0x00000000038a2114 method=java.lang.CharacterDataLatin1.digit(II)I @ 82
Event: 2.399 Thread 0x0000000002ffd800 Uncommon trap: reason=unstable_if action=reinterpret pc=0x00000000038fe248 method=java.util.LinkedHashMap.get(Ljava/lang/Object;)Ljava/lang/Object; @ 20
Event: 2.415 Thread 0x0000000002ffd800 Uncommon trap: reason=unstable_if action=reinterpret pc=0x00000000038e8fec method=java.io.ByteArrayInputStream.read()I @ 8
Event: 2.575 Thread 0x0000000002ffd800 Uncommon trap: reason=null_check action=make_not_entrant pc=0x000000000388b96c method=java.net.URL.getURLStreamHandler(Ljava/lang/String;)Ljava/net/URLStreamHandler; @ 7
Event: 2.585 Thread 0x0000000002ffd800 Uncommon trap: reason=unstable_if action=reinterpret pc=0x000000000374ac98 method=java.lang.String.substring(I)Ljava/lang/String; @ 35
Event: 2.645 Thread 0x0000000002ffd800 Uncommon trap: reason=unstable_if action=reinterpret pc=0x00000000039f8b0c method=java.util.Arrays.equals([B[B)Z @ 12
Event: 2.649 Thread 0x0000000002ffd800 Uncommon trap: reason=unstable_if action=reinterpret pc=0x00000000038b61ac method=java.util.regex.Pattern$BmpCharProperty.match(Ljava/util/regex/Matcher;ILjava/lang/CharSequence;)Z @ 34
Event: 2.939 Thread 0x0000000002ffd800 Uncommon trap: reason=unstable_if action=reinterpret pc=0x000000000395a93c method=java.util.concurrent.ConcurrentHashMap.putVal(Ljava/lang/Object;Ljava/lang/Object;Z)Ljava/lang/Object; @ 206

Internal exceptions (10 events):
Event: 1.856 Thread 0x0000000002ffd800 Exception <a 'java/lang/NullPointerException'> (0x000000076ce28078) thrown at [C:\re\workspace\8-2-build-windows-amd64-cygwin\jdk8u111\7883\hotspot\src\share\vm\interpreter\linkResolver.cpp, line 1178]
Event: 1.856 Thread 0x0000000002ffd800 Exception <a 'java/lang/NullPointerException'> (0x000000076ce28468) thrown at [C:\re\workspace\8-2-build-windows-amd64-cygwin\jdk8u111\7883\hotspot\src\share\vm\interpreter\linkResolver.cpp, line 1178]
Event: 1.857 Thread 0x0000000002ffd800 Exception <a 'java/lang/NullPointerException'> (0x000000076ce2b978) thrown at [C:\re\workspace\8-2-build-windows-amd64-cygwin\jdk8u111\7883\hotspot\src\share\vm\interpreter\linkResolver.cpp, line 1178]
Event: 1.857 Thread 0x0000000002ffd800 Exception <a 'java/lang/NullPointerException'> (0x000000076ce2bd68) thrown at [C:\re\workspace\8-2-build-windows-amd64-cygwin\jdk8u111\7883\hotspot\src\share\vm\interpreter\linkResolver.cpp, line 1178]
Event: 1.857 Thread 0x0000000002ffd800 Exception <a 'java/lang/NullPointerException'> (0x000000076ce2c158) thrown at [C:\re\workspace\8-2-build-windows-amd64-cygwin\jdk8u111\7883\hotspot\src\share\vm\interpreter\linkResolver.cpp, line 1178]
Event: 2.185 Thread 0x0000000002ffd800 Implicit null exception at 0x00000000038b5291 to 0x00000000038b58b1
Event: 2.575 Thread 0x0000000002ffd800 Implicit null exception at 0x00000000038898cf to 0x000000000388b961
Event: 2.607 Thread 0x0000000002ffd800 Exception <a 'java/lang/NoSuchFieldError': method resolution failed> (0x000000076e888108) thrown at [C:\re\workspace\8-2-build-windows-amd64-cygwin\jdk8u111\7883\hotspot\src\share\vm\prims\methodHandles.cpp, line 1146]
Event: 2.608 Thread 0x0000000002ffd800 Exception <a 'java/lang/NoSuchFieldError': method resolution failed> (0x000000076e895f68) thrown at [C:\re\workspace\8-2-build-windows-amd64-cygwin\jdk8u111\7883\hotspot\src\share\vm\prims\methodHandles.cpp, line 1146]
Event: 2.645 Thread 0x0000000002ffd800 Implicit null exception at 0x00000000039f899d to 0x00000000039f8af9

Events (10 events):
Event: 2.939 loading class javax/naming/directory/BasicAttribute done
Event: 2.939 loading class org/apache/maven/wagon/providers/http/httpclient/impl/auth/HttpAuthenticator$1
Event: 2.939 loading class org/apache/maven/wagon/providers/http/httpclient/impl/auth/HttpAuthenticator$1 done
Event: 2.939 Thread 0x0000000002ffd800 Uncommon trap: trap_request=0xffffff65 fr.pc=0x000000000395a93c
Event: 2.940 Thread 0x0000000002ffd800 DEOPT PACKING pc=0x000000000395a93c sp=0x0000000002f6cfc0
Event: 2.940 Thread 0x0000000002ffd800 DEOPT UNPACKING pc=0x000000000314582a sp=0x0000000002f6cf60 mode 2
Event: 2.940 loading class org/apache/maven/wagon/providers/http/httpclient/message/BasicListHeaderIterator
Event: 2.940 loading class org/apache/maven/wagon/providers/http/httpclient/message/BasicListHeaderIterator done
Event: 2.940 loading class org/apache/maven/wagon/providers/http/httpclient/FormattedHeader
Event: 2.940 loading class org/apache/maven/wagon/providers/http/httpclient/FormattedHeader done


Dynamic libraries:
0x00007ff6bd350000 - 0x00007ff6bd387000 	C:\Program Files\Java\jdk1.8.0_111\bin\java.exe
0x00007ffd87420000 - 0x00007ffd87610000 	C:\Windows\SYSTEM32\ntdll.dll
0x00007ffd86af0000 - 0x00007ffd86ba2000 	C:\Windows\System32\KERNEL32.DLL
0x00007ffd84770000 - 0x00007ffd84a15000 	C:\Windows\System32\KERNELBASE.dll
0x00007ffd860b0000 - 0x00007ffd86153000 	C:\Windows\System32\ADVAPI32.dll
0x00007ffd85e10000 - 0x00007ffd85eae000 	C:\Windows\System32\msvcrt.dll
0x00007ffd85f60000 - 0x00007ffd85ff7000 	C:\Windows\System32\sechost.dll
0x00007ffd85b00000 - 0x00007ffd85c1f000 	C:\Windows\System32\RPCRT4.dll
0x00007ffd86430000 - 0x00007ffd865c4000 	C:\Windows\System32\USER32.dll
0x00007ffd851a0000 - 0x00007ffd851c1000 	C:\Windows\System32\win32u.dll
0x00007ffd85f30000 - 0x00007ffd85f56000 	C:\Windows\System32\GDI32.dll
0x00007ffd843e0000 - 0x00007ffd84578000 	C:\Windows\System32\gdi32full.dll
0x00007ffd85220000 - 0x00007ffd852be000 	C:\Windows\System32\msvcp_win.dll
0x00007ffd853d0000 - 0x00007ffd854ca000 	C:\Windows\System32\ucrtbase.dll
0x00007ffd74900000 - 0x00007ffd74b84000 	C:\Windows\WinSxS\amd64_microsoft.windows.common-controls_6595b64144ccf1df_6.0.18362.1621_none_9e7ba815e46075fc\COMCTL32.dll
0x00007ffd867b0000 - 0x00007ffd86ae6000 	C:\Windows\System32\combase.dll
0x00007ffd846e0000 - 0x00007ffd84764000 	C:\Windows\System32\bcryptPrimitives.dll
0x00007ffd85de0000 - 0x00007ffd85e0e000 	C:\Windows\System32\IMM32.DLL
0x0000000061c10000 - 0x0000000061ce2000 	C:\Program Files\Java\jdk1.8.0_111\jre\bin\msvcr100.dll
0x0000000061370000 - 0x0000000061c0a000 	C:\Program Files\Java\jdk1.8.0_111\jre\bin\server\jvm.dll
0x00007ffd85af0000 - 0x00007ffd85af8000 	C:\Windows\System32\PSAPI.DLL
0x00007ffd7fb60000 - 0x00007ffd7fb69000 	C:\Windows\SYSTEM32\WSOCK32.dll
0x00007ffd821e0000 - 0x00007ffd82204000 	C:\Windows\SYSTEM32\WINMM.dll
0x00007ffd7f710000 - 0x00007ffd7f71a000 	C:\Windows\SYSTEM32\VERSION.dll
0x00007ffd85eb0000 - 0x00007ffd85f1f000 	C:\Windows\System32\WS2_32.dll
0x00007ffd821b0000 - 0x00007ffd821dd000 	C:\Windows\SYSTEM32\winmmbase.dll
0x00007ffd84390000 - 0x00007ffd843da000 	C:\Windows\System32\cfgmgr32.dll
0x0000000061360000 - 0x000000006136f000 	C:\Program Files\Java\jdk1.8.0_111\jre\bin\verify.dll
0x0000000061330000 - 0x0000000061359000 	C:\Program Files\Java\jdk1.8.0_111\jre\bin\java.dll
0x0000000061310000 - 0x0000000061326000 	C:\Program Files\Java\jdk1.8.0_111\jre\bin\zip.dll
0x00007ffd86c70000 - 0x00007ffd87357000 	C:\Windows\System32\SHELL32.dll
0x00007ffd86bb0000 - 0x00007ffd86c59000 	C:\Windows\System32\shcore.dll
0x00007ffd84a20000 - 0x00007ffd8519b000 	C:\Windows\System32\windows.storage.dll
0x00007ffd84350000 - 0x00007ffd8436e000 	C:\Windows\System32\profapi.dll
0x00007ffd84300000 - 0x00007ffd8434a000 	C:\Windows\System32\powrprof.dll
0x00007ffd842d0000 - 0x00007ffd842e0000 	C:\Windows\System32\UMPDC.dll
0x00007ffd86310000 - 0x00007ffd86362000 	C:\Windows\System32\shlwapi.dll
0x00007ffd842e0000 - 0x00007ffd842f1000 	C:\Windows\System32\kernel.appcore.dll
0x00007ffd85200000 - 0x00007ffd85217000 	C:\Windows\System32\cryptsp.dll
0x00007ffd80b90000 - 0x00007ffd80b9a000 	D:\soft\apache-maven-3.8.1\lib\jansi-native\windows64\jansi.dll
0x0000000060620000 - 0x0000000060644000 	C:\Program Files\Java\jdk1.8.0_111\jre\bin\sunec.dll
0x00007ffd835f0000 - 0x00007ffd83623000 	C:\Windows\system32\rsaenh.dll
0x00007ffd851d0000 - 0x00007ffd851f6000 	C:\Windows\System32\bcrypt.dll
0x00007ffd841c0000 - 0x00007ffd841e5000 	C:\Windows\SYSTEM32\USERENV.dll
0x00007ffd83be0000 - 0x00007ffd83bec000 	C:\Windows\SYSTEM32\CRYPTBASE.dll
0x00000000612f0000 - 0x000000006130a000 	C:\Program Files\Java\jdk1.8.0_111\jre\bin\net.dll
0x00007ffd83a60000 - 0x00007ffd83ac7000 	C:\Windows\system32\mswsock.dll
0x00007ffd83780000 - 0x00007ffd837ba000 	C:\Windows\SYSTEM32\IPHLPAPI.DLL
0x00007ffd86c60000 - 0x00007ffd86c68000 	C:\Windows\System32\NSI.dll
0x00007ffd7e590000 - 0x00007ffd7e5a6000 	C:\Windows\SYSTEM32\dhcpcsvc6.DLL
0x00007ffd7e570000 - 0x00007ffd7e58c000 	C:\Windows\SYSTEM32\dhcpcsvc.DLL
0x00007ffd837c0000 - 0x00007ffd8388a000 	C:\Windows\SYSTEM32\DNSAPI.dll
0x00000000612d0000 - 0x00000000612e1000 	C:\Program Files\Java\jdk1.8.0_111\jre\bin\nio.dll
0x00007ffd7ccb0000 - 0x00007ffd7ccba000 	C:\Windows\System32\rasadhlp.dll
0x00007ffd7dca0000 - 0x00007ffd7dd17000 	C:\Windows\System32\fwpuclnt.dll
0x0000000060610000 - 0x000000006061b000 	C:\Program Files\Java\jdk1.8.0_111\jre\bin\sunmscapi.dll
0x00007ffd84580000 - 0x00007ffd846d1000 	C:\Windows\System32\CRYPT32.dll
0x00007ffd84370000 - 0x00007ffd84382000 	C:\Windows\System32\MSASN1.dll

VM Arguments:
jvm_args: -Dclassworlds.conf=D:\soft\apache-maven-3.8.1\bin\..\bin\m2.conf -Dmaven.home=D:\soft\apache-maven-3.8.1\bin\.. -Dlibrary.jansi.path=D:\soft\apache-maven-3.8.1\bin\..\lib\jansi-native -Dmaven.multiModuleProjectDirectory=C:\Users\Administrator\Downloads\websocket-demo 
java_command: org.codehaus.plexus.classworlds.launcher.Launcher spring-boot:run
java_class_path (initial): D:\soft\apache-maven-3.8.1\bin\..\boot\plexus-classworlds-2.6.0.jar
Launcher Type: SUN_STANDARD

Environment Variables:
JAVA_HOME=C:\Program Files\Java\jdk1.8.0_111
PATH=C:\ProgramData\Oracle\Java\javapath;C:\Windows\system32;C:\Windows;C:\Windows\System32\Wbem;C:\Windows\System32\WindowsPowerShell\v1.0\;C:\Windows\System32\OpenSSH\;C:\Program Files\Java\jdk1.8.0_111\bin;C:\Program Files\Git\cmd;C:\Program Files (x86)\GitExtensions\;C:\Program Files\PuTTY\;C:\Program Files\Docker\Docker\resources\bin;C:\ProgramData\DockerDesktop\version-bin;C:\Program Files\nodejs\;C:\Users\Administrator\AppData\Local\Microsoft\WindowsApps;D:\soft\apache-maven-3.8.1\bin;;C:\Users\Administrator\AppData\Local\Programs\Microsoft VS Code\bin;C:\Users\Administrator\AppData\Roaming\npm
USERNAME=Administrator
OS=Windows_NT
PROCESSOR_IDENTIFIER=Intel64 Family 6 Model 165 Stepping 5, GenuineIntel



---------------  S Y S T E M  ---------------

OS: Windows 10.0 , 64 bit Build 18362 (10.0.18362.1500)

CPU:total 16 (8 cores per cpu, 2 threads per core) family 6 model 165 stepping 5, cmov, cx8, fxsr, mmx, sse, sse2, sse3, ssse3, sse4.1, sse4.2, popcnt, avx, avx2, aes, clmul, erms, 3dnowpref, lzcnt, ht, tsc, tscinvbit, bmi1, bmi2, adx

Memory: 4k page, physical 16640016k(313260k free), swap 34002596k(4140k free)

vm_info: Java HotSpot(TM) 64-Bit Server VM (25.111-b14) for windows-amd64 JRE (1.8.0_111-b14), built on Sep 22 2016 19:24:05 by "java_re" with MS VC++ 10.0 (VS2010)

time: Fri Jul 02 15:27:59 2021
elapsed time: 3 seconds (0d 0h 0m 3s)

